
Results for run: results.test
Topic: ALL	-	Qrel_size: 	3681
Topic: ALL	-	Topic_size: 	3
Topic: 301	-	NumRet: 	500
Topic: 302	-	NumRet: 	500
Topic: 303	-	NumRet: 	500
Topic: ALL	-	NumRet: 	1500
Topic: 301	-	NumRel: 	474
Topic: 302	-	NumRel: 	77
Topic: 303	-	NumRel: 	10
Topic: ALL	-	NumRel: 	561
Topic: 301	-	NumRelRet: 	71
Topic: 302	-	NumRelRet: 	50
Topic: 303	-	NumRelRet: 	10
Topic: ALL	-	NumRelRet: 	131
Topic: 301	-	NumNotRel: 	1234
Topic: 302	-	NumNotRel: 	984
Topic: 303	-	NumNotRel: 	902
Topic: ALL	-	NumNotRel: 	3120
Topic: 301	-	NumNotRelRet: 	188
Topic: 302	-	NumNotRelRet: 	214
Topic: 303	-	NumNotRelRet: 	205
Topic: ALL	-	NumNotRelRet: 	607
Topic: 301	-	MAP: 	0,0324
Topic: 302	-	MAP: 	0,4175
Topic: 303	-	MAP: 	0,0858
Topic: ALL	-	MAP: 	0,1785
Topic: ALL	-	GMAP: 	0,1051
Topic: 301	-	RPrec: 	0,1456
Topic: 302	-	RPrec: 	0,5065
Topic: 303	-	RPrec: 	0
Topic: ALL	-	RPrec: 	0,2174
Topic: 301	-	BPref: 	0,1230
Topic: 302	-	BPref: 	0,4712
Topic: 303	-	BPref: 	0
Topic: ALL	-	BPref: 	0,1981
Topic: 301	-	MRR: 	0,1667
Topic: 302	-	MRR: 	1
Topic: 303	-	MRR: 	0,0526
Topic: ALL	-	MRR: 	0,4064
Topic: 301	-	P&RCurve_at_recall_level_0:	0,2857
Topic: 301	-	P&RCurve_at_recall_level_1:	0,2096
Topic: 301	-	P&RCurve_at_recall_level_2:	0
Topic: 301	-	P&RCurve_at_recall_level_3:	0
Topic: 301	-	P&RCurve_at_recall_level_4:	0
Topic: 301	-	P&RCurve_at_recall_level_5:	0
Topic: 301	-	P&RCurve_at_recall_level_6:	0
Topic: 301	-	P&RCurve_at_recall_level_7:	0
Topic: 301	-	P&RCurve_at_recall_level_8:	0
Topic: 301	-	P&RCurve_at_recall_level_9:	0
Topic: 301	-	P&RCurve_at_recall_level_10:	0
Topic: 302	-	P&RCurve_at_recall_level_0:	1
Topic: 302	-	P&RCurve_at_recall_level_1:	0,8421
Topic: 302	-	P&RCurve_at_recall_level_2:	0,8421
Topic: 302	-	P&RCurve_at_recall_level_3:	0,7419
Topic: 302	-	P&RCurve_at_recall_level_4:	0,6863
Topic: 302	-	P&RCurve_at_recall_level_5:	0,5417
Topic: 302	-	P&RCurve_at_recall_level_6:	0,1420
Topic: 302	-	P&RCurve_at_recall_level_7:	0
Topic: 302	-	P&RCurve_at_recall_level_8:	0
Topic: 302	-	P&RCurve_at_recall_level_9:	0
Topic: 302	-	P&RCurve_at_recall_level_10:	0
Topic: 303	-	P&RCurve_at_recall_level_0:	0,1136
Topic: 303	-	P&RCurve_at_recall_level_1:	0,1136
Topic: 303	-	P&RCurve_at_recall_level_2:	0,1136
Topic: 303	-	P&RCurve_at_recall_level_3:	0,1136
Topic: 303	-	P&RCurve_at_recall_level_4:	0,1136
Topic: 303	-	P&RCurve_at_recall_level_5:	0,1136
Topic: 303	-	P&RCurve_at_recall_level_6:	0,1045
Topic: 303	-	P&RCurve_at_recall_level_7:	0,1045
Topic: 303	-	P&RCurve_at_recall_level_8:	0,0935
Topic: 303	-	P&RCurve_at_recall_level_9:	0,0935
Topic: 303	-	P&RCurve_at_recall_level_10:	0,0935
Topic: ALL	-	P&RCurve_at_recall_level_0:	0,4665
Topic: ALL	-	P&RCurve_at_recall_level_1:	0,3884
Topic: ALL	-	P&RCurve_at_recall_level_2:	0,3186
Topic: ALL	-	P&RCurve_at_recall_level_3:	0,2852
Topic: ALL	-	P&RCurve_at_recall_level_4:	0,2666
Topic: ALL	-	P&RCurve_at_recall_level_5:	0,2184
Topic: ALL	-	P&RCurve_at_recall_level_6:	0,0822
Topic: ALL	-	P&RCurve_at_recall_level_7:	0,0348
Topic: ALL	-	P&RCurve_at_recall_level_8:	0,0312
Topic: ALL	-	P&RCurve_at_recall_level_9:	0,0312
Topic: ALL	-	P&RCurve_at_recall_level_10:	0,0312
Topic: 301	-	P: 	0,1420
Topic: 302	-	P: 	0,1000
Topic: 303	-	P: 	0,0200
Topic: ALL	-	P: 	0,0873
Topic: 301	-	P_at_5: 	0
Topic: 302	-	P_at_5: 	0,8000
Topic: 303	-	P_at_5: 	0
Topic: ALL	-	P_at_5: 	0,2667
Topic: 301	-	P_at_10: 	0,2000
Topic: 302	-	P_at_10: 	0,7000
Topic: 303	-	P_at_10: 	0
Topic: ALL	-	P_at_10: 	0,3000
Topic: 301	-	P_at_15: 	0,1333
Topic: 302	-	P_at_15: 	0,8000
Topic: 303	-	P_at_15: 	0
Topic: ALL	-	P_at_15: 	0,3111
Topic: 301	-	P_at_20: 	0,2500
Topic: 302	-	P_at_20: 	0,8000
Topic: 303	-	P_at_20: 	0,0500
Topic: ALL	-	P_at_20: 	0,3667
Topic: 301	-	P_at_30: 	0,2333
Topic: 302	-	P_at_30: 	0,7333
Topic: 303	-	P_at_30: 	0,0333
Topic: ALL	-	P_at_30: 	0,3333
Topic: 301	-	P_at_100: 	0,2300
Topic: 302	-	P_at_100: 	0,4200
Topic: 303	-	P_at_100: 	0,0900
Topic: ALL	-	P_at_100: 	0,2467
Topic: 301	-	P_at_200: 	0,2100
Topic: 302	-	P_at_200: 	0,2200
Topic: 303	-	P_at_200: 	0,0500
Topic: ALL	-	P_at_200: 	0,1600
Topic: 301	-	P_at_500: 	0,1420
Topic: 302	-	P_at_500: 	0,1000
Topic: 303	-	P_at_500: 	0,0200
Topic: ALL	-	P_at_500: 	0,0873
Topic: 301	-	P_at_1000: 	0,0710
Topic: 302	-	P_at_1000: 	0,0500
Topic: 303	-	P_at_1000: 	0,0100
Topic: ALL	-	P_at_1000: 	0,0437
Topic: 301	-	R: 	0,1498
Topic: 302	-	R: 	0,6494
Topic: 303	-	R: 	1
Topic: ALL	-	R: 	0,5997
Topic: 301	-	R_at_5: 	0
Topic: 302	-	R_at_5: 	0,0519
Topic: 303	-	R_at_5: 	0
Topic: ALL	-	R_at_5: 	0,0173
Topic: 301	-	R_at_10: 	0,0042
Topic: 302	-	R_at_10: 	0,0909
Topic: 303	-	R_at_10: 	0
Topic: ALL	-	R_at_10: 	0,0317
Topic: 301	-	R_at_15: 	0,0042
Topic: 302	-	R_at_15: 	0,1558
Topic: 303	-	R_at_15: 	0
Topic: ALL	-	R_at_15: 	0,0534
Topic: 301	-	R_at_20: 	0,0105
Topic: 302	-	R_at_20: 	0,2078
Topic: 303	-	R_at_20: 	0,1000
Topic: ALL	-	R_at_20: 	0,1061
Topic: 301	-	R_at_30: 	0,0148
Topic: 302	-	R_at_30: 	0,2857
Topic: 303	-	R_at_30: 	0,1000
Topic: ALL	-	R_at_30: 	0,1335
Topic: 301	-	R_at_100: 	0,0485
Topic: 302	-	R_at_100: 	0,5455
Topic: 303	-	R_at_100: 	0,9000
Topic: ALL	-	R_at_100: 	0,4980
Topic: 301	-	R_at_200: 	0,0886
Topic: 302	-	R_at_200: 	0,5714
Topic: 303	-	R_at_200: 	1
Topic: ALL	-	R_at_200: 	0,5533
Topic: 301	-	R_at_500: 	0,1498
Topic: 302	-	R_at_500: 	0,6494
Topic: 303	-	R_at_500: 	1
Topic: ALL	-	R_at_500: 	0,5997
Topic: 301	-	R_at_1000: 	0,1498
Topic: 302	-	R_at_1000: 	0,6494
Topic: 303	-	R_at_1000: 	1
Topic: ALL	-	R_at_1000: 	0,5997
Topic: 301	-	InfAP: 	0,0324
Topic: 302	-	InfAP: 	0,4175
Topic: 303	-	InfAP: 	0,0858
Topic: ALL	-	InfAP: 	0,1785
Topic: ALL	-	GBPref: 	0,0083
Topic: 301	-	F: 	0,1458
Topic: 302	-	F: 	0,1733
Topic: 303	-	F: 	0,0392
Topic: ALL	-	F: 	0,1194
Topic: 301	-	RPrecMult_0.2: 	0,2211
Topic: 302	-	RPrecMult_0.2: 	0,8125
Topic: 303	-	RPrecMult_0.2: 	0
Topic: ALL	-	RPrecMult_0.2: 	0,3445
Topic: 301	-	RPrecMult_0.4: 	0,2053
Topic: 302	-	RPrecMult_0.4: 	0,7419
Topic: 303	-	RPrecMult_0.4: 	0
Topic: ALL	-	RPrecMult_0.4: 	0,3157
Topic: 301	-	RPrecMult_0.6: 	0,1930
Topic: 302	-	RPrecMult_0.6: 	0,6596
Topic: 303	-	RPrecMult_0.6: 	0
Topic: ALL	-	RPrecMult_0.6: 	0,2842
Topic: 301	-	RPrecMult_0.8: 	0,1711
Topic: 302	-	RPrecMult_0.8: 	0,6129
Topic: 303	-	RPrecMult_0.8: 	0
Topic: ALL	-	RPrecMult_0.8: 	0,2613
Topic: 301	-	RPrecMult_1.0: 	0,1456
Topic: 302	-	RPrecMult_1.0: 	0,5065
Topic: 303	-	RPrecMult_1.0: 	0
Topic: ALL	-	RPrecMult_1.0: 	0,2174
Topic: 301	-	RPrecMult_1.2: 	0,1248
Topic: 302	-	RPrecMult_1.2: 	0,4516
Topic: 303	-	RPrecMult_1.2: 	0
Topic: ALL	-	RPrecMult_1.2: 	0,1921
Topic: 301	-	RPrecMult_1.4: 	0,1069
Topic: 302	-	RPrecMult_1.4: 	0,3889
Topic: 303	-	RPrecMult_1.4: 	0
Topic: ALL	-	RPrecMult_1.4: 	0,1653
Topic: 301	-	RPrecMult_1.6: 	0,0935
Topic: 302	-	RPrecMult_1.6: 	0,3468
Topic: 303	-	RPrecMult_1.6: 	0
Topic: ALL	-	RPrecMult_1.6: 	0,1468
Topic: 301	-	RPrecMult_1.8: 	0,0831
Topic: 302	-	RPrecMult_1.8: 	0,3094
Topic: 303	-	RPrecMult_1.8: 	0
Topic: ALL	-	RPrecMult_1.8: 	0,1308
Topic: 301	-	RPrecMult_2.0: 	0,0749
Topic: 302	-	RPrecMult_2.0: 	0,2857
Topic: 303	-	RPrecMult_2.0: 	0,0500
Topic: ALL	-	RPrecMult_2.0: 	0,1369
Topic: 301	-	MAP_at_5: 	0
Topic: 302	-	MAP_at_5: 	0,0461
Topic: 303	-	MAP_at_5: 	0
Topic: ALL	-	MAP_at_5: 	0,0154
Topic: 301	-	MAP_at_10: 	0,0010
Topic: 302	-	MAP_at_10: 	0,0768
Topic: 303	-	MAP_at_10: 	0
Topic: ALL	-	MAP_at_10: 	0,0259
Topic: 301	-	MAP_at_15: 	0,0010
Topic: 302	-	MAP_at_15: 	0,1265
Topic: 303	-	MAP_at_15: 	0
Topic: ALL	-	MAP_at_15: 	0,0425
Topic: 301	-	MAP_at_20: 	0,0023
Topic: 302	-	MAP_at_20: 	0,1695
Topic: 303	-	MAP_at_20: 	0,0053
Topic: ALL	-	MAP_at_20: 	0,0591
Topic: 301	-	MAP_at_30: 	0,0033
Topic: 302	-	MAP_at_30: 	0,2298
Topic: 303	-	MAP_at_30: 	0,0053
Topic: ALL	-	MAP_at_30: 	0,0795
Topic: 301	-	MAP_at_100: 	0,0118
Topic: 302	-	MAP_at_100: 	0,3983
Topic: 303	-	MAP_at_100: 	0,0764
Topic: ALL	-	MAP_at_100: 	0,1622
Topic: 301	-	MAP_at_200: 	0,0208
Topic: 302	-	MAP_at_200: 	0,4068
Topic: 303	-	MAP_at_200: 	0,0858
Topic: ALL	-	MAP_at_200: 	0,1711
Topic: 301	-	MAP_at_500: 	0,0324
Topic: 302	-	MAP_at_500: 	0,4175
Topic: 303	-	MAP_at_500: 	0,0858
Topic: ALL	-	MAP_at_500: 	0,1785
Topic: 301	-	MAP_at_1000: 	0,0324
Topic: 302	-	MAP_at_1000: 	0,4175
Topic: 303	-	MAP_at_1000: 	0,0858
Topic: ALL	-	MAP_at_1000: 	0,1785
Topic: 301	-	NDCG: 	0,1584
Topic: 302	-	NDCG: 	0,6617
Topic: 303	-	NDCG: 	0,3862
Topic: ALL	-	NDCG: 	0,4021
Topic: 301	-	NDCG_at_5: 	0
Topic: 302	-	NDCG_at_5: 	0,8304
Topic: 303	-	NDCG_at_5: 	0
Topic: ALL	-	NDCG_at_5: 	0,2768
Topic: 301	-	NDCG_at_10: 	0,1518
Topic: 302	-	NDCG_at_10: 	0,7530
Topic: 303	-	NDCG_at_10: 	0
Topic: ALL	-	NDCG_at_10: 	0,3016
Topic: 301	-	NDCG_at_15: 	0,1176
Topic: 302	-	NDCG_at_15: 	0,8085
Topic: 303	-	NDCG_at_15: 	0
Topic: ALL	-	NDCG_at_15: 	0,3087
Topic: 301	-	NDCG_at_20: 	0,1985
Topic: 302	-	NDCG_at_20: 	0,8082
Topic: 303	-	NDCG_at_20: 	0,0509
Topic: ALL	-	NDCG_at_20: 	0,3525
Topic: 301	-	NDCG_at_30: 	0,1975
Topic: 302	-	NDCG_at_30: 	0,7604
Topic: 303	-	NDCG_at_30: 	0,0509
Topic: ALL	-	NDCG_at_30: 	0,3363
Topic: 301	-	NDCG_at_100: 	0,2166
Topic: 302	-	NDCG_at_100: 	0,6046
Topic: 303	-	NDCG_at_100: 	0,3537
Topic: ALL	-	NDCG_at_100: 	0,3916
Topic: 301	-	NDCG_at_200: 	0,2063
Topic: 302	-	NDCG_at_200: 	0,6209
Topic: 303	-	NDCG_at_200: 	0,3862
Topic: ALL	-	NDCG_at_200: 	0,4045
Topic: 301	-	NDCG_at_500: 	0,1584
Topic: 302	-	NDCG_at_500: 	0,6617
Topic: 303	-	NDCG_at_500: 	0,3862
Topic: ALL	-	NDCG_at_500: 	0,4021
Topic: 301	-	NDCG_at_1000: 	0,1584
Topic: 302	-	NDCG_at_1000: 	0,6617
Topic: 303	-	NDCG_at_1000: 	0,3862
Topic: ALL	-	NDCG_at_1000: 	0,4021
Topic: 301	-	Utility: 	-358
Topic: 302	-	Utility: 	-400
Topic: 303	-	Utility: 	-480
Topic: ALL	-	Utility: 	-412,6667
Topic: 301	-	RelativeP: 	0,1498
Topic: 302	-	RelativeP: 	0,6494
Topic: 303	-	RelativeP: 	1
Topic: ALL	-	RelativeP: 	0,5997
Topic: 301	-	RelativeP_at_5: 	0
Topic: 302	-	RelativeP_at_5: 	0,8000
Topic: 303	-	RelativeP_at_5: 	0
Topic: ALL	-	RelativeP_at_5: 	0,2667
Topic: 301	-	RelativeP_at_10: 	0,2000
Topic: 302	-	RelativeP_at_10: 	0,7000
Topic: 303	-	RelativeP_at_10: 	0
Topic: ALL	-	RelativeP_at_10: 	0,3000
Topic: 301	-	RelativeP_at_15: 	0,1333
Topic: 302	-	RelativeP_at_15: 	0,8000
Topic: 303	-	RelativeP_at_15: 	0
Topic: ALL	-	RelativeP_at_15: 	0,3111
Topic: 301	-	RelativeP_at_20: 	0,2500
Topic: 302	-	RelativeP_at_20: 	0,8000
Topic: 303	-	RelativeP_at_20: 	0,1000
Topic: ALL	-	RelativeP_at_20: 	0,3833
Topic: 301	-	RelativeP_at_30: 	0,2333
Topic: 302	-	RelativeP_at_30: 	0,7333
Topic: 303	-	RelativeP_at_30: 	0,1000
Topic: ALL	-	RelativeP_at_30: 	0,3556
Topic: 301	-	RelativeP_at_100: 	0,2300
Topic: 302	-	RelativeP_at_100: 	0,5455
Topic: 303	-	RelativeP_at_100: 	0,9000
Topic: ALL	-	RelativeP_at_100: 	0,5585
Topic: 301	-	RelativeP_at_200: 	0,2100
Topic: 302	-	RelativeP_at_200: 	0,5714
Topic: 303	-	RelativeP_at_200: 	1
Topic: ALL	-	RelativeP_at_200: 	0,5938
Topic: 301	-	RelativeP_at_500: 	0,1498
Topic: 302	-	RelativeP_at_500: 	0,6494
Topic: 303	-	RelativeP_at_500: 	1
Topic: ALL	-	RelativeP_at_500: 	0,5997
Topic: 301	-	RelativeP_at_1000: 	0,1498
Topic: 302	-	RelativeP_at_1000: 	0,6494
Topic: 303	-	RelativeP_at_1000: 	1
Topic: ALL	-	RelativeP_at_1000: 	0,5997
Topic: 301	-	Success_at_1: 	0
Topic: 302	-	Success_at_1: 	1
Topic: 303	-	Success_at_1: 	0
Topic: ALL	-	Success_at_1: 	0,3333
Topic: 301	-	Success_at_5: 	0
Topic: 302	-	Success_at_5: 	1
Topic: 303	-	Success_at_5: 	0
Topic: ALL	-	Success_at_5: 	0,3333
Topic: 301	-	Success_at_10: 	1
Topic: 302	-	Success_at_10: 	1
Topic: 303	-	Success_at_10: 	0
Topic: ALL	-	Success_at_10: 	0,6667

